Ganache CLI v6.12.2 (ganache-core: 2.13.2)

Available Accounts
==================
(0) 0x8b46e5868Ca2BE31a9b476D14435A884B7F0397d (100 ETH)
(1) 0xE1c8137326Bcc4f48898399601571D81f5166b9E (100 ETH)
(2) 0xf851258aAeeda1b926Dbc1C76dF54C4927D1a2A3 (100 ETH)
(3) 0x74D9011A473737D1f02FA6cB05E7Ca2688fA01fF (100 ETH)
(4) 0x63649579F238dCb03963d29a270fee77c07A0426 (100 ETH)
(5) 0x6Ae234ea75f47CfdcF49b3eaA5Ecc6659CaB512C (100 ETH)
(6) 0x309FA4807D51C0E36Aca98a1d826E54c2bA7332d (100 ETH)
(7) 0xAF8d9FBfb40E83dC60a322B386f581E7C7e1674E (100 ETH)
(8) 0x9E186e0a3F1979Ba84010e7CB7cCcB05da6eFC38 (100 ETH)
(9) 0x76b116D6FD0A09E3DefdCF16734A6a45f445A3F9 (100 ETH)

Private Keys
==================
(0) 0xa0ef93b7a761cc2ea81757a8418e03d933dc7455fe6bcb4e0e7e1740d6795c92
(1) 0xa5cf282caf68caf005f98f0603ae29fce11dbffbaefeeb0a7a5c92e867f4eca6
(2) 0xfc1e875bde70a84bc0d6941b583c0587faeb46f9a2478af37bd236260b929503
(3) 0x1d014e1c571bfb5fec96f38993221406b477fd38d3bbf70f7f704cf11f94b1d1
(4) 0x5ce51280655dfc5b11adff182a24114e9ba0d02c6c731d76c4bb162fa167393d
(5) 0xa1423df1c04ec3a8f186e25864999acef53731e040a1b18b23bdb407f8a437d9
(6) 0x7b4148d8fd5a7a296835e84891b26e97106ab8efe9175dea1d1646b90b2275a1
(7) 0x465e1cd85e73d12b4cd13803b53ffb2ad89ab10247d3dca697a95259e9f77aaf
(8) 0x3b0a90aea516a014811c5cc77a61fc47938dd3148cf62ae2ba4ae9ab8c9ac471
(9) 0x0c81e987e2239f03f9fbe43a0cece8fd2810839cdbb5d7c1a88610e4e95f6d59

HD Wallet
==================
Mnemonic:      special crumble vapor into fringe world border cruise battle obey moon describe
Base HD Path:  m/44'/60'/0'/0/{account_index}

Gas Price
==================
20000000000

Gas Limit
==================
6721975

Call Gas Limit
==================
9007199254740991

Listening on 0.0.0.0:8545
Ganache CLI v6.12.2 (ganache-core: 2.13.2)

Available Accounts
==================
(0) 0xf6a907Bdc41E52BF6951D82fD99bfBf26D8c42e9 (100 ETH)
(1) 0xD4715fF5Ff6BCaAe576b692C0C7A510f5965cf27 (100 ETH)
(2) 0x015226916CcE54A6EA32914D15B0898Bd803efCe (100 ETH)
(3) 0xF70a006B07CfCA0D1D6Be055845180d6d5ebb776 (100 ETH)
(4) 0x90A933DeA52449844E080B24d38A67771568B1b6 (100 ETH)
(5) 0x643eCAC65cC21d43309C3A5e05e3Fbf67e32dcBb (100 ETH)
(6) 0x93c3AFAA4Fb4e6898172bf413250b2E51846D5F4 (100 ETH)
(7) 0xCca67Ee2dCb301F5fcF1261Cd0852f3E628550FA (100 ETH)
(8) 0xc05902080799eC2402997B3424e170BD7C2272B1 (100 ETH)
(9) 0x89D3EE0c4004Fb0b57a465c24087189776be50C1 (100 ETH)

Private Keys
==================
(0) 0xf751bc65724952b8de73050ca88a88d91753c4fdcd8cc98ae66094b256b5b1b1
(1) 0xc96cf11308511794068f82afd430a324b2f198d11d64ed1fdb5af67171b3b3e2
(2) 0xa150a3b6025a4357c39d88b0c253c61e224bd15a821b8e39e8dd7528f9e51e5f
(3) 0xc1c1abb193283268161f994e8a49f2f3c7ab4effc152f2a90f9abd4b378456c7
(4) 0xba9c49141b56f1d60ef9ad6b46adf37968073193c20f75f7da8d186eaa387e85
(5) 0x3e8e7e527801ef4009c29d6c6e36ff69aee6209bc0e02b451be1cd4144fe44bb
(6) 0x41b58920e8a70026fd390e48d8f58ebb0acb3a4eaf7f61f8697bc6929018f22a
(7) 0x6ca9889b1b2ba3898ab2cd46b52314d6cca3617eae1d156946cf2dedf521837f
(8) 0x6c7ec20fdca36c3333a9dd34f9e3e8b5114011cc34fec4b26942228cfab98369
(9) 0x540a4425edf5ab63d3296dbd887c755fe11d19560a16fe9522a9e93e1657323f

HD Wallet
==================
Mnemonic:      warrior despair crash differ twist rookie elegant extra style vehicle submit opera
Base HD Path:  m/44'/60'/0'/0/{account_index}

Gas Price
==================
20000000000

Gas Limit
==================
6721975

Call Gas Limit
==================
9007199254740991

Listening on 0.0.0.0:8545
